# JRE version: OpenJDK Runtime Environment Temurin-21.0.9+10 (21.0.9+10) (build 21.0.9+10-LTS)
# Java VM: OpenJDK 64-Bit Server VM Temurin-21.0.9+10 (21.0.9+10-LTS, mixed mode, sharing, tiered, compressed oops, compressed class ptrs, parallel gc, windows-amd64)
GC Precious Log:
 CardTable entry size: 512
 CPUs: 6 total, 6 available
 Memory: 7542M
 Large Page Support: Disabled
 NUMA Support: Disabled
 Compressed Oops: Enabled (32-bit)
 Alignments: Space 512K, Generation 512K, Heap 2M
 Heap Min Capacity: 100M
 Heap Initial Capacity: 100M
 Heap Max Capacity: 2G
 Pre-touch: Disabled
 Parallel Workers: 6
Heap:
 PSYoungGen      total 24064K, used 19772K [0x00000000d5580000, 0x00000000d7000000, 0x0000000100000000)
  eden space 21504K, 80% used [0x00000000d5580000,0x00000000d666f728,0x00000000d6a80000)
  from space 2560K, 94% used [0x00000000d6d80000,0x00000000d6fdfa88,0x00000000d7000000)
  to   space 2560K, 0% used [0x00000000d6b00000,0x00000000d6b00000,0x00000000d6d80000)
 ParOldGen       total 68608K, used 42837K [0x0000000080000000, 0x0000000084300000, 0x00000000d5580000)
  object space 68608K, 62% used [0x0000000080000000,0x00000000829d5730,0x0000000084300000)
 Metaspace       used 63834K, committed 65152K, reserved 1114112K
  class space    used 6871K, committed 7424K, reserved 1048576K
GC Heap History (20 events):
Event: 65.289 GC heap before
{Heap before GC invocations=32 (full 2):
 PSYoungGen      total 24064K, used 23460K [0x00000000d5580000, 0x00000000d6f80000, 0x0000000100000000)
  eden space 21504K, 100% used [0x00000000d5580000,0x00000000d6a80000,0x00000000d6a80000)
  from space 2560K, 76% used [0x00000000d6a80000,0x00000000d6c69000,0x00000000d6d00000)
  to   space 2560K, 0% used [0x00000000d6d00000,0x00000000d6d00000,0x00000000d6f80000)
 ParOldGen       total 68608K, used 35725K [0x0000000080000000, 0x0000000084300000, 0x00000000d5580000)
  object space 68608K, 52% used [0x0000000080000000,0x00000000822e3470,0x0000000084300000)
 Metaspace       used 52762K, committed 54016K, reserved 1114112K
  class space    used 5748K, committed 6272K, reserved 1048576K
}
Event: 65.294 GC heap after
{Heap after GC invocations=32 (full 2):
 PSYoungGen      total 23552K, used 1888K [0x00000000d5580000, 0x00000000d6f00000, 0x0000000100000000)
  eden space 21504K, 0% used [0x00000000d5580000,0x00000000d5580000,0x00000000d6a80000)
  from space 2048K, 92% used [0x00000000d6d00000,0x00000000d6ed8000,0x00000000d6f00000)
  to   space 2048K, 0% used [0x00000000d6b00000,0x00000000d6b00000,0x00000000d6d00000)
 ParOldGen       total 68608K, used 37602K [0x0000000080000000, 0x0000000084300000, 0x00000000d5580000)
  object space 68608K, 54% used [0x0000000080000000,0x00000000824b8a98,0x0000000084300000)
 Metaspace       used 52762K, committed 54016K, reserved 1114112K
  class space    used 5748K, committed 6272K, reserved 1048576K
}
Event: 65.445 GC heap before
{Heap before GC invocations=33 (full 2):
 PSYoungGen      total 23552K, used 23392K [0x00000000d5580000, 0x00000000d6f00000, 0x0000000100000000)
  eden space 21504K, 100% used [0x00000000d5580000,0x00000000d6a80000,0x00000000d6a80000)
  from space 2048K, 92% used [0x00000000d6d00000,0x00000000d6ed8000,0x00000000d6f00000)
  to   space 2048K, 0% used [0x00000000d6b00000,0x00000000d6b00000,0x00000000d6d00000)
 ParOldGen       total 68608K, used 37602K [0x0000000080000000, 0x0000000084300000, 0x00000000d5580000)
  object space 68608K, 54% used [0x0000000080000000,0x00000000824b8a98,0x0000000084300000)
 Metaspace       used 52795K, committed 54016K, reserved 1114112K
  class space    used 5749K, committed 6272K, reserved 1048576K
}
Event: 65.452 GC heap after
{Heap after GC invocations=33 (full 2):
 PSYoungGen      total 23552K, used 2040K [0x00000000d5580000, 0x00000000d7380000, 0x0000000100000000)
  eden space 21504K, 0% used [0x00000000d5580000,0x00000000d5580000,0x00000000d6a80000)
  from space 2048K, 99% used [0x00000000d6b00000,0x00000000d6cfe210,0x00000000d6d00000)
  to   space 4608K, 0% used [0x00000000d6f00000,0x00000000d6f00000,0x00000000d7380000)
 ParOldGen       total 68608K, used 39394K [0x0000000080000000, 0x0000000084300000, 0x00000000d5580000)
  object space 68608K, 57% used [0x0000000080000000,0x0000000082678a98,0x0000000084300000)
 Metaspace       used 52795K, committed 54016K, reserved 1114112K
  class space    used 5749K, committed 6272K, reserved 1048576K
}
Event: 65.641 GC heap before
{Heap before GC invocations=34 (full 2):
 PSYoungGen      total 23552K, used 23544K [0x00000000d5580000, 0x00000000d7380000, 0x0000000100000000)
  eden space 21504K, 100% used [0x00000000d5580000,0x00000000d6a80000,0x00000000d6a80000)
  from space 2048K, 99% used [0x00000000d6b00000,0x00000000d6cfe210,0x00000000d6d00000)
  to   space 4608K, 0% used [0x00000000d6f00000,0x00000000d6f00000,0x00000000d7380000)
 ParOldGen       total 68608K, used 39394K [0x0000000080000000, 0x0000000084300000, 0x00000000d5580000)
  object space 68608K, 57% used [0x0000000080000000,0x0000000082678a98,0x0000000084300000)
 Metaspace       used 53641K, committed 54784K, reserved 1114112K
  class space    used 5806K, committed 6272K, reserved 1048576K
}
Event: 65.650 GC heap after
{Heap after GC invocations=34 (full 2):
 PSYoungGen      total 25600K, used 3602K [0x00000000d5580000, 0x00000000d7300000, 0x0000000100000000)
  eden space 21504K, 0% used [0x00000000d5580000,0x00000000d5580000,0x00000000d6a80000)
  from space 4096K, 87% used [0x00000000d6f00000,0x00000000d7284838,0x00000000d7300000)
  to   space 4096K, 0% used [0x00000000d6b00000,0x00000000d6b00000,0x00000000d6f00000)
 ParOldGen       total 68608K, used 41411K [0x0000000080000000, 0x0000000084300000, 0x00000000d5580000)
  object space 68608K, 60% used [0x0000000080000000,0x0000000082870ca8,0x0000000084300000)
 Metaspace       used 53641K, committed 54784K, reserved 1114112K
  class space    used 5806K, committed 6272K, reserved 1048576K
}
Event: 66.103 GC heap before
{Heap before GC invocations=35 (full 2):
 PSYoungGen      total 25600K, used 25076K [0x00000000d5580000, 0x00000000d7300000, 0x0000000100000000)
  eden space 21504K, 99% used [0x00000000d5580000,0x00000000d6a78ae0,0x00000000d6a80000)
  from space 4096K, 87% used [0x00000000d6f00000,0x00000000d7284838,0x00000000d7300000)
  to   space 4096K, 0% used [0x00000000d6b00000,0x00000000d6b00000,0x00000000d6f00000)
 ParOldGen       total 68608K, used 41411K [0x0000000080000000, 0x0000000084300000, 0x00000000d5580000)
  object space 68608K, 60% used [0x0000000080000000,0x0000000082870ca8,0x0000000084300000)
 Metaspace       used 55693K, committed 56832K, reserved 1114112K
  class space    used 6041K, committed 6528K, reserved 1048576K
}
Event: 66.108 GC heap after
{Heap after GC invocations=35 (full 2):
 PSYoungGen      total 22528K, used 933K [0x00000000d5580000, 0x00000000d6f80000, 0x0000000100000000)
  eden space 21504K, 0% used [0x00000000d5580000,0x00000000d5580000,0x00000000d6a80000)
  from space 1024K, 91% used [0x00000000d6b00000,0x00000000d6be9558,0x00000000d6c00000)
  to   space 2048K, 0% used [0x00000000d6d80000,0x00000000d6d80000,0x00000000d6f80000)
 ParOldGen       total 68608K, used 44902K [0x0000000080000000, 0x0000000084300000, 0x00000000d5580000)
  object space 68608K, 65% used [0x0000000080000000,0x0000000082bd9aa8,0x0000000084300000)
 Metaspace       used 55693K, committed 56832K, reserved 1114112K
  class space    used 6041K, committed 6528K, reserved 1048576K
}
Event: 66.490 GC heap before
{Heap before GC invocations=36 (full 2):
 PSYoungGen      total 22528K, used 22300K [0x00000000d5580000, 0x00000000d6f80000, 0x0000000100000000)
  eden space 21504K, 99% used [0x00000000d5580000,0x00000000d6a5dd60,0x00000000d6a80000)
  from space 1024K, 91% used [0x00000000d6b00000,0x00000000d6be9558,0x00000000d6c00000)
  to   space 2048K, 0% used [0x00000000d6d80000,0x00000000d6d80000,0x00000000d6f80000)
 ParOldGen       total 68608K, used 44902K [0x0000000080000000, 0x0000000084300000, 0x00000000d5580000)
  object space 68608K, 65% used [0x0000000080000000,0x0000000082bd9aa8,0x0000000084300000)
 Metaspace       used 57328K, committed 58432K, reserved 1114112K
  class space    used 6199K, committed 6656K, reserved 1048576K
}
Event: 66.492 GC heap after
{Heap after GC invocations=36 (full 2):
 PSYoungGen      total 22016K, used 480K [0x00000000d5580000, 0x00000000d6e00000, 0x0000000100000000)
  eden space 21504K, 0% used [0x00000000d5580000,0x00000000d5580000,0x00000000d6a80000)
  from space 512K, 93% used [0x00000000d6d80000,0x00000000d6df8000,0x00000000d6e00000)
  to   space 1024K, 0% used [0x00000000d6c00000,0x00000000d6c00000,0x00000000d6d00000)
 ParOldGen       total 68608K, used 45704K [0x0000000080000000, 0x0000000084300000, 0x00000000d5580000)
  object space 68608K, 66% used [0x0000000080000000,0x0000000082ca2058,0x0000000084300000)
 Metaspace       used 57328K, committed 58432K, reserved 1114112K
  class space    used 6199K, committed 6656K, reserved 1048576K
}
Event: 66.599 GC heap before
{Heap before GC invocations=37 (full 2):
 PSYoungGen      total 22016K, used 21898K [0x00000000d5580000, 0x00000000d6e00000, 0x0000000100000000)
  eden space 21504K, 99% used [0x00000000d5580000,0x00000000d6a6aa58,0x00000000d6a80000)
  from space 512K, 93% used [0x00000000d6d80000,0x00000000d6df8000,0x00000000d6e00000)
  to   space 1024K, 0% used [0x00000000d6c00000,0x00000000d6c00000,0x00000000d6d00000)
 ParOldGen       total 68608K, used 45704K [0x0000000080000000, 0x0000000084300000, 0x00000000d5580000)
  object space 68608K, 66% used [0x0000000080000000,0x0000000082ca2058,0x0000000084300000)
 Metaspace       used 57366K, committed 58496K, reserved 1114112K
  class space    used 6200K, committed 6656K, reserved 1048576K
}
Event: 66.601 GC heap after
{Heap after GC invocations=37 (full 2):
 PSYoungGen      total 22528K, used 850K [0x00000000d5580000, 0x00000000d6e00000, 0x0000000100000000)
  eden space 21504K, 0% used [0x00000000d5580000,0x00000000d5580000,0x00000000d6a80000)
  from space 1024K, 83% used [0x00000000d6c00000,0x00000000d6cd4918,0x00000000d6d00000)
  to   space 1024K, 0% used [0x00000000d6d00000,0x00000000d6d00000,0x00000000d6e00000)
 ParOldGen       total 68608K, used 46104K [0x0000000080000000, 0x0000000084300000, 0x00000000d5580000)
  object space 68608K, 67% used [0x0000000080000000,0x0000000082d06058,0x0000000084300000)
 Metaspace       used 57366K, committed 58496K, reserved 1114112K
  class space    used 6200K, committed 6656K, reserved 1048576K
}
Event: 66.733 GC heap before
{Heap before GC invocations=38 (full 2):
 PSYoungGen      total 22528K, used 22259K [0x00000000d5580000, 0x00000000d6e00000, 0x0000000100000000)
  eden space 21504K, 99% used [0x00000000d5580000,0x00000000d6a68548,0x00000000d6a80000)
  from space 1024K, 83% used [0x00000000d6c00000,0x00000000d6cd4918,0x00000000d6d00000)
  to   space 1024K, 0% used [0x00000000d6d00000,0x00000000d6d00000,0x00000000d6e00000)
 ParOldGen       total 68608K, used 46104K [0x0000000080000000, 0x0000000084300000, 0x00000000d5580000)
  object space 68608K, 67% used [0x0000000080000000,0x0000000082d06058,0x0000000084300000)
 Metaspace       used 58655K, committed 59776K, reserved 1114112K
  class space    used 6312K, committed 6784K, reserved 1048576K
}
Event: 66.735 GC heap after
{Heap after GC invocations=38 (full 2):
 PSYoungGen      total 22016K, used 224K [0x00000000d5580000, 0x00000000d6d80000, 0x0000000100000000)
  eden space 21504K, 0% used [0x00000000d5580000,0x00000000d5580000,0x00000000d6a80000)
  from space 512K, 43% used [0x00000000d6d00000,0x00000000d6d38000,0x00000000d6d80000)
  to   space 512K, 0% used [0x00000000d6c80000,0x00000000d6c80000,0x00000000d6d00000)
 ParOldGen       total 68608K, used 46136K [0x0000000080000000, 0x0000000084300000, 0x00000000d5580000)
  object space 68608K, 67% used [0x0000000080000000,0x0000000082d0e058,0x0000000084300000)
 Metaspace       used 58655K, committed 59776K, reserved 1114112K
  class space    used 6312K, committed 6784K, reserved 1048576K
}
Event: 66.735 GC heap before
{Heap before GC invocations=39 (full 3):
 PSYoungGen      total 22016K, used 224K [0x00000000d5580000, 0x00000000d6d80000, 0x0000000100000000)
  eden space 21504K, 0% used [0x00000000d5580000,0x00000000d5580000,0x00000000d6a80000)
  from space 512K, 43% used [0x00000000d6d00000,0x00000000d6d38000,0x00000000d6d80000)
  to   space 512K, 0% used [0x00000000d6c80000,0x00000000d6c80000,0x00000000d6d00000)
 ParOldGen       total 68608K, used 46136K [0x0000000080000000, 0x0000000084300000, 0x00000000d5580000)
  object space 68608K, 67% used [0x0000000080000000,0x0000000082d0e058,0x0000000084300000)
 Metaspace       used 58655K, committed 59776K, reserved 1114112K
  class space    used 6312K, committed 6784K, reserved 1048576K
}
Event: 66.834 GC heap after
{Heap after GC invocations=39 (full 3):
 PSYoungGen      total 22016K, used 0K [0x00000000d5580000, 0x00000000d6d80000, 0x0000000100000000)
  eden space 21504K, 0% used [0x00000000d5580000,0x00000000d5580000,0x00000000d6a80000)
  from space 512K, 0% used [0x00000000d6d00000,0x00000000d6d00000,0x00000000d6d80000)
  to   space 512K, 0% used [0x00000000d6c80000,0x00000000d6c80000,0x00000000d6d00000)
 ParOldGen       total 68608K, used 40715K [0x0000000080000000, 0x0000000084300000, 0x00000000d5580000)
  object space 68608K, 59% used [0x0000000080000000,0x00000000827c2d90,0x0000000084300000)
 Metaspace       used 58655K, committed 59776K, reserved 1114112K
  class space    used 6312K, committed 6784K, reserved 1048576K
}
Event: 67.263 GC heap before
{Heap before GC invocations=40 (full 3):
 PSYoungGen      total 22016K, used 21504K [0x00000000d5580000, 0x00000000d6d80000, 0x0000000100000000)
  eden space 21504K, 100% used [0x00000000d5580000,0x00000000d6a80000,0x00000000d6a80000)
  from space 512K, 0% used [0x00000000d6d00000,0x00000000d6d00000,0x00000000d6d80000)
  to   space 512K, 0% used [0x00000000d6c80000,0x00000000d6c80000,0x00000000d6d00000)
 ParOldGen       total 68608K, used 40715K [0x0000000080000000, 0x0000000084300000, 0x00000000d5580000)
  object space 68608K, 59% used [0x0000000080000000,0x00000000827c2d90,0x0000000084300000)
 Metaspace       used 60386K, committed 61632K, reserved 1114112K
  class space    used 6533K, committed 7040K, reserved 1048576K
}
Event: 67.266 GC heap after
{Heap after GC invocations=40 (full 3):
 PSYoungGen      total 22016K, used 500K [0x00000000d5580000, 0x00000000d7080000, 0x0000000100000000)
  eden space 21504K, 0% used [0x00000000d5580000,0x00000000d5580000,0x00000000d6a80000)
  from space 512K, 97% used [0x00000000d6c80000,0x00000000d6cfd140,0x00000000d6d00000)
  to   space 3072K, 0% used [0x00000000d6d80000,0x00000000d6d80000,0x00000000d7080000)
 ParOldGen       total 68608K, used 42640K [0x0000000080000000, 0x0000000084300000, 0x00000000d5580000)
  object space 68608K, 62% used [0x0000000080000000,0x00000000829a4048,0x0000000084300000)
 Metaspace       used 60386K, committed 61632K, reserved 1114112K
  class space    used 6533K, committed 7040K, reserved 1048576K
}
Event: 67.546 GC heap before
{Heap before GC invocations=41 (full 3):
 PSYoungGen      total 22016K, used 22004K [0x00000000d5580000, 0x00000000d7080000, 0x0000000100000000)
  eden space 21504K, 100% used [0x00000000d5580000,0x00000000d6a80000,0x00000000d6a80000)
  from space 512K, 97% used [0x00000000d6c80000,0x00000000d6cfd140,0x00000000d6d00000)
  to   space 3072K, 0% used [0x00000000d6d80000,0x00000000d6d80000,0x00000000d7080000)
 ParOldGen       total 68608K, used 42640K [0x0000000080000000, 0x0000000084300000, 0x00000000d5580000)
  object space 68608K, 62% used [0x0000000080000000,0x00000000829a4048,0x0000000084300000)
 Metaspace       used 62639K, committed 63936K, reserved 1114112K
  class space    used 6756K, committed 7296K, reserved 1048576K
}
Event: 67.550 GC heap after
{Heap after GC invocations=41 (full 3):
 PSYoungGen      total 24064K, used 2430K [0x00000000d5580000, 0x00000000d7000000, 0x0000000100000000)
  eden space 21504K, 0% used [0x00000000d5580000,0x00000000d5580000,0x00000000d6a80000)
  from space 2560K, 94% used [0x00000000d6d80000,0x00000000d6fdfa88,0x00000000d7000000)
  to   space 2560K, 0% used [0x00000000d6b00000,0x00000000d6b00000,0x00000000d6d80000)
 ParOldGen       total 68608K, used 42837K [0x0000000080000000, 0x0000000084300000, 0x00000000d5580000)
  object space 68608K, 62% used [0x0000000080000000,0x00000000829d5730,0x0000000084300000)
 Metaspace       used 62639K, committed 63936K, reserved 1114112K
  class space    used 6756K, committed 7296K, reserved 1048576K
}

